Running: d:\Xilinx\14.7\ISE_DS\ISE\bin\nt64\unwrapped\fuse.exe -intstyle ise -incremental -o C:/Users/Ali/Desktop/CA-Project-1/multipliers/4x4 bit/carry_save/carry_save/carry_save_multiplier_tb_isim_beh.exe -prj C:/Users/Ali/Desktop/CA-Project-1/multipliers/4x4 bit/carry_save/carry_save/carry_save_multiplier_tb_beh.prj work.carry_save_multiplier_tb 
ISim P.20131013 (signature 0x7708f090)
Number of CPUs detected in this system: 8
Turning on mult-threading, number of parallel sub-compilation jobs: 16 
Determining compilation order of HDL files
Parsing VHDL file "C:/Users/Ali/Desktop/CA-Project-1/multipliers/4x4 bit/carry_save/carry_save/../../../../../CA/az7_report (4)/az7_report/codes/half_adder.vhd" into library work
Parsing VHDL file "C:/Users/Ali/Desktop/CA-Project-1/multipliers/4x4 bit/carry_save/carry_save/../../../../../CA/az7_report (4)/az7_report/codes/full_adder.vhd" into library work
Parsing VHDL file "C:/Users/Ali/Desktop/CA-Project-1/multipliers/4x4 bit/carry_save/carry_save/../../../../../CA/az7_report (4)/az7_report/codes/carry_save_multiplier.vhd" into library work
Parsing VHDL file "C:/Users/Ali/Desktop/CA-Project-1/multipliers/4x4 bit/carry_save/carry_save/../../../../../CA/az7_report (4)/az7_report/codes/carry_save_multiplier_tb.vhd" into library work
Starting static elaboration
Completed static elaboration
Compiling package standard
Compiling package std_logic_1164
Compiling architecture behavioral of entity half_adder [half_adder_default]
Compiling architecture behavioral of entity full_adder [full_adder_default]
Compiling architecture behavioral of entity carry_save_multiplier [carry_save_multiplier_default]
Compiling architecture behavior of entity carry_save_multiplier_tb
Time Resolution for simulation is 1ps.
Waiting for 1 sub-compilation(s) to finish...
Compiled 9 VHDL Units
Built simulation executable C:/Users/Ali/Desktop/CA-Project-1/multipliers/4x4 bit/carry_save/carry_save/carry_save_multiplier_tb_isim_beh.exe
Fuse Memory Usage: 29436 KB
Fuse CPU Usage: 452 ms
